<?xml version="1.0" encoding="UTF-8"?>
<!-- Generated by org.testng.reporters.JUnitReportReporter -->
<testsuite hostname="LAPTOP-TO2ES5BG" name="com.rutu.yash.PageTest" tests="1" failures="0" timestamp="3 Oct 2018 00:59:39 GMT" time="13.460" errors="0">
  <testcase name="cssSelector" time="13.460" classname="com.rutu.yash.PageTest"/>
</testsuite> <!-- com.rutu.yash.PageTest -->
